<?xml version="1.0" encoding="UTF-8" ?>
<testsuite errors="0" failures="0" hostname="HORNOTE-10GT-2" name="devmate.Tests" skipped="0" tests="2" time="16.1" timestamp="2014-12-01T07:18:27">
  <properties>
    <property name="java.vendor" value="Oracle Corporation" />
    <property name="sun.java.launcher" value="SUN_STANDARD" />
    <property name="eclipse.pdebuild.templates" value="/D:/DIST/eclipse-standard-luna-R-win32-x86_64/eclipse/plugins/org.eclipse.pde.build_3.9.0.v20140415-2029/templates/" />
    <property name="sun.management.compiler" value="HotSpot 64-Bit Tiered Compilers" />
    <property name="ant.file.type.devmate" value="file" />
    <property name="env.PROMPT" value="$P$G" />
    <property name="os.name" value="Windows 7" />
    <property name="env.FP_NO_HOST_CHECK" value="NO" />
    <property name="sun.boot.class.path" value="C:\Program Files\Java\jre8\lib\resources.jar;C:\Program Files\Java\jre8\lib\rt.jar;C:\Program Files\Java\jre8\lib\sunrsasign.jar;C:\Program Files\Java\jre8\lib\jsse.jar;C:\Program Files\Java\jre8\lib\jce.jar;C:\Program Files\Java\jre8\lib\charsets.jar;C:\Program Files\Java\jre8\lib\jfr.jar;C:\Program Files\Java\jre8\classes" />
    <property name="env.COMPUTERNAME" value="HORNOTE-10GT-2" />
    <property name="env.CommonProgramW6432" value="C:\Program Files\Common Files" />
    <property name="user.country.format" value="UA" />
    <property name="env.ALLUSERSPROFILE" value="C:\ProgramData" />
    <property name="sun.desktop" value="windows" />
    <property name="java.vm.specification.vendor" value="Oracle Corporation" />
    <property name="ant.home" value="D:\DIST\eclipse-standard-luna-R-win32-x86_64\eclipse\plugins\org.apache.ant_1.9.2.v201404171502" />
    <property name="env.PLMVIS_82_LIBPATH" value="C:\Program Files (x86)\SAP\FrontEnd\SAPgui\Program" />
    <property name="java.runtime.version" value="1.8.0_11-b12" />
    <property name="env.HOMEPATH" value="\Users\igor.palamarchuk@astelit.ukr" />
    <property name="user.name" value="ipalamar" />
    <property name="user.language.format" value="uk" />
    <property name="user.language" value="en" />
    <property name="env.windows_tracing_flags" value="3" />
    <property name="sun.boot.library.path" value="C:\Program Files\Java\jre8\bin" />
    <property name="ant.project.default-target" value="build" />
    <property name="ant.project.name" value="devmate" />
    <property name="java.version" value="1.8.0_11" />
    <property name="env.PROCESSOR_IDENTIFIER" value="Intel64 Family 6 Model 58 Stepping 9, GenuineIntel" />
    <property name="user.timezone" value="Europe/Helsinki" />
    <property name="env.TEMP" value="C:\Users\IGORPA~1.UKR\AppData\Local\Temp" />
    <property name="sun.arch.data.model" value="64" />
    <property name="java.endorsed.dirs" value="C:\Program Files\Java\jre8\lib\endorsed" />
    <property name="sun.cpu.isalist" value="amd64" />
    <property name="env.HOMEDRIVE" value="C:" />
    <property name="sun.jnu.encoding" value="Cp1251" />
    <property name="file.encoding.pkg" value="sun.io" />
    <property name="ECLIPSE_HOME" value="D:/DIST/eclipse-standard-luna-R-win32-x86_64/eclipse/" />
    <property name="file.separator" value="\" />
    <property name="java.specification.name" value="Java Platform API Specification" />
    <property name="java.class.version" value="52.0" />
    <property name="ant.file.devmate" value="C:\Users\igor.palamarchuk@astelit.ukr\workspace\devmate\TestBuild.xml" />
    <property name="user.country" value="US" />
    <property name="java.home" value="C:\Program Files\Java\jre8" />
    <property name="env.PSModulePath" value="C:\windows\system32\WindowsPowerShell\v1.0\Modules\" />
    <property name="env.APPDATA" value="C:\Users\igor.palamarchuk@astelit.ukr\AppData\Roaming" />
    <property name="env.PUBLIC" value="C:\Users\Public" />
    <property name="env.windows_tracing_logfile" value="C:\BVTBin\Tests\installpackage\csilogfile.log" />
    <property name="java.vm.info" value="mixed mode" />
    <property name="env.ComSpec" value="C:\windows\system32\cmd.exe" />
    <property name="env.OS" value="Windows_NT" />
    <property name="env.CommonProgramFiles" value="C:\Program Files\Common Files" />
    <property name="ant.file" value="C:\Users\igor.palamarchuk@astelit.ukr\workspace\devmate\TestBuild.xml" />
    <property name="os.version" value="6.1" />
    <property name="env.ProgramW6432" value="C:\Program Files" />
    <property name="env.TCVIS_ENABLE_AERO" value="True" />
    <property name="env.AMDAPPSDKROOT" value="C:\Program Files (x86)\AMD APP\" />
    <property name="path.separator" value=";" />
    <property name="java.vm.version" value="25.11-b03" />
    <property name="user.variant" value="" />
    <property name="env.USERPROFILE" value="C:\Users\igor.palamarchuk@astelit.ukr" />
    <property name="ant.library.dir" value="D:\DIST\eclipse-standard-luna-R-win32-x86_64\eclipse\plugins\org.apache.ant_1.9.2.v201404171502\lib" />
    <property name="junit.output.dir" value="junit" />
    <property name="env.JAVA_HOME" value="C:\Program Files\Java\jdk1.8.0_11" />
    <property name="env.SNC_LIB" value="C:\Program Files (x86)\SAP\FrontEnd\SapGui\Encryption\secgss.dll" />
    <property name="java.awt.printerjob" value="sun.awt.windows.WPrinterJob" />
    <property name="env.TMP" value="C:\Users\IGORPA~1.UKR\AppData\Local\Temp" />
    <property name="sun.io.unicode.encoding" value="UnicodeLittle" />
    <property name="awt.toolkit" value="sun.awt.windows.WToolkit" />
    <property name="user.script" value="" />
    <property name="eclipse.pdebuild.scripts" value="/D:/DIST/eclipse-standard-luna-R-win32-x86_64/eclipse/plugins/org.eclipse.pde.build_3.9.0.v20140415-2029/scripts/" />
    <property name="user.home" value="C:\Users\igor.palamarchuk@astelit.ukr" />
    <property name="target" value="1.8" />
    <property name="env.ProgramData" value="C:\ProgramData" />
    <property name="env.SESSIONNAME" value="Console" />
    <property name="env.ProgramFiles(x86)" value="C:\Program Files (x86)" />
    <property name="java.specification.vendor" value="Oracle Corporation" />
    <property name="java.vendor.url" value="http://java.oracle.com/" />
    <property name="env.NUMBER_OF_PROCESSORS" value="4" />
    <property name="java.library.path" value="C:\Program Files\Java\jre8\bin;C:\windows\Sun\Java\bin;C:\windows\system32;C:\windows;C:\Program Files (x86)\AMD APP\bin\x86_64;C:\Program Files (x86)\AMD APP\bin\x86;C:\windows\system32;C:\windows;C:\windows\System32\Wbem;C:\windows\System32\WindowsPowerShell\v1.0\;C:\Program Files (x86)\ATI Technologies\ATI.ACE\Core-Static;." />
    <property name="env.USERDNSDOMAIN" value="ASTELIT.UKR" />
    <property name="java.vm.vendor" value="Oracle Corporation" />
    <property name="java.runtime.name" value="Java(TM) SE Runtime Environment" />
    <property name="ant.version" value="Apache Ant(TM) version 1.9.2 compiled on July 8 2013" />
    <property name="java.class.path" value="C:\Users\igor.palamarchuk@astelit.ukr\workspace\devmate\bin;C:\Users\igor.palamarchuk@astelit.ukr\workspace\Astelit\lib\junit-4.11.jar;C:\Users\igor.palamarchuk@astelit.ukr\workspace\Astelit\lib\selenium-java-2.42.2.jar;C:\Users\igor.palamarchuk@astelit.ukr\workspace\Astelit\lib\selenium-server-standalone-2.42.2.jar;D:\DIST\org.apache.commons.codec-1.8.jar\org.apache.commons.codec-1.8.jar;D:\DIST\eclipse-standard-luna-R-win32-x86_64\eclipse\plugins\org.apache.ant_1.9.2.v201404171502\lib\ant-launcher.jar;D:\DIST\eclipse-standard-luna-R-win32-x86_64\eclipse\plugins\org.apache.ant_1.9.2.v201404171502\lib\ant.jar;D:\DIST\eclipse-standard-luna-R-win32-x86_64\eclipse\plugins\org.apache.ant_1.9.2.v201404171502\lib\ant-junit.jar;D:\DIST\eclipse-standard-luna-R-win32-x86_64\eclipse\plugins\org.apache.ant_1.9.2.v201404171502\lib\ant-junit4.jar" />
    <property name="sun.java.command" value="org.apache.tools.ant.taskdefs.optional.junit.JUnitTestRunner devmate.Tests filtertrace=true haltOnError=false haltOnFailure=false formatter=org.apache.tools.ant.taskdefs.optional.junit.OutErrSummaryJUnitResultFormatter showoutput=false outputtoformatters=true logfailedtests=true logtestlistenerevents=false formatter=org.apache.tools.ant.taskdefs.optional.junit.XMLJUnitResultFormatter,C:\Users\igor.palamarchuk@astelit.ukr\workspace\devmate\junit\TEST-devmate.Tests.xml crashfile=C:\Users\igor.palamarchuk@astelit.ukr\workspace\devmate\junitvmwatcher7685352039205058659.properties propsfile=C:\Users\igor.palamarchuk@astelit.ukr\workspace\devmate\junit1029340042215866598.properties" />
    <property name="java.vm.specification.name" value="Java Virtual Machine Specification" />
    <property name="env.windir" value="C:\windows" />
    <property name="env.LOGONSERVER" value="\\SOLNPS1" />
    <property name="env.PROCESSOR_ARCHITECTURE" value="AMD64" />
    <property name="java.vm.specification.version" value="1.8" />
    <property name="sun.os.patch.level" value="Service Pack 1" />
    <property name="sun.cpu.endian" value="little" />
    <property name="debuglevel" value="source,lines,vars" />
    <property name="env.ProgramFiles" value="C:\Program Files" />
    <property name="env.ANT_HOME" value="D:\DIST\eclipse-standard-luna-R-win32-x86_64\eclipse\plugins\org.apache.ant_1.9.2.v201404171502" />
    <property name="env.PROCESSOR_REVISION" value="3a09" />
    <property name="eclipse.pdebuild.home" value="/D:/DIST/eclipse-standard-luna-R-win32-x86_64/eclipse/plugins/org.eclipse.pde.build_3.9.0.v20140415-2029/./" />
    <property name="java.io.tmpdir" value="C:\Users\IGORPA~1.UKR\AppData\Local\Temp\" />
    <property name="env.UATDATA" value="C:\windows\CCM\UATData\D9F8C395-CAB8-491d-B8AC-179A1FE1BE77" />
    <property name="env.CommonProgramFiles(x86)" value="C:\Program Files (x86)\Common Files" />
    <property name="java.vendor.url.bug" value="http://bugreport.sun.com/bugreport/" />
    <property name="env.SystemRoot" value="C:\windows" />
    <property name="java.awt.graphicsenv" value="sun.awt.Win32GraphicsEnvironment" />
    <property name="os.arch" value="amd64" />
    <property name="java.ext.dirs" value="C:\Program Files\Java\jre8\lib\ext;C:\windows\Sun\Java\lib\ext" />
    <property name="env.LOCALAPPDATA" value="C:\Users\igor.palamarchuk@astelit.ukr\AppData\Local" />
    <property name="user.dir" value="C:\Users\igor.palamarchuk@astelit.ukr\workspace\devmate" />
    <property name="line.separator" value="&#xd;&#xa;" />
    <property name="java.vm.name" value="Java HotSpot(TM) 64-Bit Server VM" />
    <property name="env.PATHEXT" value=".COM;.EXE;.BAT;.CMD;.VBS;.VBE;.JS;.JSE;.WSF;.WSH;.MSC" />
    <property name="org.apache.tools.ant.taskdefs.optional.junit.AggregateTransformer0" value="C:\Users\IGORPA~1.UKR\AppData\Local\Temp\null557948971" />
    <property name="env.Path" value="C:\Program Files (x86)\AMD APP\bin\x86_64;C:\Program Files (x86)\AMD APP\bin\x86;C:\windows\system32;C:\windows;C:\windows\System32\Wbem;C:\windows\System32\WindowsPowerShell\v1.0\;C:\Program Files (x86)\ATI Technologies\ATI.ACE\Core-Static" />
    <property name="basedir" value="C:\Users\igor.palamarchuk@astelit.ukr\workspace\devmate" />
    <property name="ant.java.version" value="1.8" />
    <property name="ant.core.lib" value="D:\DIST\eclipse-standard-luna-R-win32-x86_64\eclipse\plugins\org.apache.ant_1.9.2.v201404171502\lib\ant.jar" />
    <property name="env.USERNAME" value="ipalamar" />
    <property name="source" value="1.8" />
    <property name="env.SystemDrive" value="C:" />
    <property name="file.encoding" value="Cp1251" />
    <property name="env.USERDOMAIN" value="ASTELIT" />
    <property name="java.specification.version" value="1.8" />
    <property name="ant.project.invoked-targets" value="build,junitreport,Tests (1)" />
    <property name="env.PROCESSOR_LEVEL" value="6" />
  </properties>
  <testcase classname="devmate.Tests" name="SecondScenario" time="8.949" />
  <testcase classname="devmate.Tests" name="FirstScenario" time="6.985" />
  <system-out><![CDATA[Проверка Отображения элемента: 
Проверка нахождения на странице: Simplify App Development | DevMate
]]></system-out>
  <system-err><![CDATA[Starting ChromeDriver (v2.10.267521) on port 26088
Only local connections are allowed.
Starting ChromeDriver (v2.10.267521) on port 2251
Only local connections are allowed.
]]></system-err>
</testsuite>
